# JRE version: OpenJDK Runtime Environment Temurin-17.0.12+7 (17.0.12+7) (build 17.0.12+7)
# Java VM: OpenJDK 64-Bit Server VM Temurin-17.0.12+7 (17.0.12+7, mixed mode, tiered, compressed oops, compressed class ptrs, parallel gc, windows-amd64)
GC Precious Log:
 CPUs: 4 total, 4 available
 Memory: 4043M
 Large Page Support: Disabled
 NUMA Support: Disabled
 Compressed Oops: Enabled (32-bit)
 Alignments: Space 512K, Generation 512K, Heap 2M
 Heap Min Capacity: 100M
 Heap Initial Capacity: 100M
 Heap Max Capacity: 1G
 Pre-touch: Disabled
 Parallel Workers: 4
Heap:
 PSYoungGen      total 19456K, used 19430K [0x00000000eab00000, 0x00000000ecc80000, 0x0000000100000000)
  eden space 11264K, 100% used [0x00000000eab00000,0x00000000eb600000,0x00000000eb600000)
  from space 8192K, 99% used [0x00000000ec080000,0x00000000ec879b68,0x00000000ec880000)
  to   space 10752K, 0% used [0x00000000eb600000,0x00000000eb600000,0x00000000ec080000)
 ParOldGen       total 368640K, used 326023K [0x00000000c0000000, 0x00000000d6800000, 0x00000000eab00000)
  object space 368640K, 88% used [0x00000000c0000000,0x00000000d3e61fb0,0x00000000d6800000)
 Metaspace       used 76592K, committed 77824K, reserved 1179648K
  class space    used 8100K, committed 8640K, reserved 1048576K
GC Heap History (20 events):
Event: 119.120 GC heap before
{Heap before GC invocations=353 (full 13):
 PSYoungGen      total 9728K, used 9715K [0x00000000eab00000, 0x00000000ebd80000, 0x0000000100000000)
  eden space 5632K, 100% used [0x00000000eab00000,0x00000000eb080000,0x00000000eb080000)
  from space 4096K, 99% used [0x00000000eb080000,0x00000000eb47ce48,0x00000000eb480000)
  to   space 6144K, 0% used [0x00000000eb780000,0x00000000eb780000,0x00000000ebd80000)
 ParOldGen       total 324096K, used 305041K [0x00000000c0000000, 0x00000000d3c80000, 0x00000000eab00000)
  object space 324096K, 94% used [0x00000000c0000000,0x00000000d29e44e0,0x00000000d3c80000)
 Metaspace       used 75855K, committed 77056K, reserved 1179648K
  class space    used 8005K, committed 8512K, reserved 1048576K
}
Event: 119.126 GC heap after
{Heap after GC invocations=353 (full 13):
 PSYoungGen      total 10240K, used 3219K [0x00000000eab00000, 0x00000000ebb00000, 0x0000000100000000)
  eden space 6656K, 0% used [0x00000000eab00000,0x00000000eab00000,0x00000000eb180000)
  from space 3584K, 89% used [0x00000000eb780000,0x00000000ebaa4e30,0x00000000ebb00000)
  to   space 4096K, 0% used [0x00000000eb300000,0x00000000eb300000,0x00000000eb700000)
 ParOldGen       total 324096K, used 307487K [0x00000000c0000000, 0x00000000d3c80000, 0x00000000eab00000)
  object space 324096K, 94% used [0x00000000c0000000,0x00000000d2c47cf8,0x00000000d3c80000)
 Metaspace       used 75855K, committed 77056K, reserved 1179648K
  class space    used 8005K, committed 8512K, reserved 1048576K
}
Event: 119.266 GC heap before
{Heap before GC invocations=354 (full 13):
 PSYoungGen      total 10240K, used 9875K [0x00000000eab00000, 0x00000000ebb00000, 0x0000000100000000)
  eden space 6656K, 100% used [0x00000000eab00000,0x00000000eb180000,0x00000000eb180000)
  from space 3584K, 89% used [0x00000000eb780000,0x00000000ebaa4e30,0x00000000ebb00000)
  to   space 4096K, 0% used [0x00000000eb300000,0x00000000eb300000,0x00000000eb700000)
 ParOldGen       total 324096K, used 307487K [0x00000000c0000000, 0x00000000d3c80000, 0x00000000eab00000)
  object space 324096K, 94% used [0x00000000c0000000,0x00000000d2c47cf8,0x00000000d3c80000)
 Metaspace       used 75855K, committed 77056K, reserved 1179648K
  class space    used 8005K, committed 8512K, reserved 1048576K
}
Event: 119.274 GC heap after
{Heap after GC invocations=354 (full 13):
 PSYoungGen      total 11776K, used 4091K [0x00000000eab00000, 0x00000000ebd80000, 0x0000000100000000)
  eden space 7680K, 0% used [0x00000000eab00000,0x00000000eab00000,0x00000000eb280000)
  from space 4096K, 99% used [0x00000000eb300000,0x00000000eb6fec68,0x00000000eb700000)
  to   space 5632K, 0% used [0x00000000eb800000,0x00000000eb800000,0x00000000ebd80000)
 ParOldGen       total 324096K, used 308533K [0x00000000c0000000, 0x00000000d3c80000, 0x00000000eab00000)
  object space 324096K, 95% used [0x00000000c0000000,0x00000000d2d4d7f0,0x00000000d3c80000)
 Metaspace       used 75855K, committed 77056K, reserved 1179648K
  class space    used 8005K, committed 8512K, reserved 1048576K
}
Event: 119.569 GC heap before
{Heap before GC invocations=355 (full 13):
 PSYoungGen      total 11776K, used 11771K [0x00000000eab00000, 0x00000000ebd80000, 0x0000000100000000)
  eden space 7680K, 100% used [0x00000000eab00000,0x00000000eb280000,0x00000000eb280000)
  from space 4096K, 99% used [0x00000000eb300000,0x00000000eb6fec68,0x00000000eb700000)
  to   space 5632K, 0% used [0x00000000eb800000,0x00000000eb800000,0x00000000ebd80000)
 ParOldGen       total 324096K, used 308533K [0x00000000c0000000, 0x00000000d3c80000, 0x00000000eab00000)
  object space 324096K, 95% used [0x00000000c0000000,0x00000000d2d4d7f0,0x00000000d3c80000)
 Metaspace       used 75855K, committed 77056K, reserved 1179648K
  class space    used 8005K, committed 8512K, reserved 1048576K
}
Event: 119.581 GC heap after
{Heap after GC invocations=355 (full 13):
 PSYoungGen      total 13312K, used 4174K [0x00000000eab00000, 0x00000000ebc80000, 0x0000000100000000)
  eden space 8704K, 0% used [0x00000000eab00000,0x00000000eab00000,0x00000000eb380000)
  from space 4608K, 90% used [0x00000000eb800000,0x00000000ebc13b08,0x00000000ebc80000)
  to   space 4608K, 0% used [0x00000000eb380000,0x00000000eb380000,0x00000000eb800000)
 ParOldGen       total 324096K, used 311102K [0x00000000c0000000, 0x00000000d3c80000, 0x00000000eab00000)
  object space 324096K, 95% used [0x00000000c0000000,0x00000000d2fcf910,0x00000000d3c80000)
 Metaspace       used 75855K, committed 77056K, reserved 1179648K
  class space    used 8005K, committed 8512K, reserved 1048576K
}
Event: 119.706 GC heap before
{Heap before GC invocations=356 (full 13):
 PSYoungGen      total 13312K, used 12850K [0x00000000eab00000, 0x00000000ebc80000, 0x0000000100000000)
  eden space 8704K, 99% used [0x00000000eab00000,0x00000000eb3790e8,0x00000000eb380000)
  from space 4608K, 90% used [0x00000000eb800000,0x00000000ebc13b08,0x00000000ebc80000)
  to   space 4608K, 0% used [0x00000000eb380000,0x00000000eb380000,0x00000000eb800000)
 ParOldGen       total 324096K, used 311102K [0x00000000c0000000, 0x00000000d3c80000, 0x00000000eab00000)
  object space 324096K, 95% used [0x00000000c0000000,0x00000000d2fcf910,0x00000000d3c80000)
 Metaspace       used 75855K, committed 77056K, reserved 1179648K
  class space    used 8005K, committed 8512K, reserved 1048576K
}
Event: 119.717 GC heap after
{Heap after GC invocations=356 (full 13):
 PSYoungGen      total 13312K, used 4595K [0x00000000eab00000, 0x00000000ec480000, 0x0000000100000000)
  eden space 8704K, 0% used [0x00000000eab00000,0x00000000eab00000,0x00000000eb380000)
  from space 4608K, 99% used [0x00000000eb380000,0x00000000eb7fcf70,0x00000000eb800000)
  to   space 8192K, 0% used [0x00000000ebc80000,0x00000000ebc80000,0x00000000ec480000)
 ParOldGen       total 324096K, used 313875K [0x00000000c0000000, 0x00000000d3c80000, 0x00000000eab00000)
  object space 324096K, 96% used [0x00000000c0000000,0x00000000d3284c90,0x00000000d3c80000)
 Metaspace       used 75855K, committed 77056K, reserved 1179648K
  class space    used 8005K, committed 8512K, reserved 1048576K
}
Event: 119.822 GC heap before
{Heap before GC invocations=357 (full 13):
 PSYoungGen      total 13312K, used 13299K [0x00000000eab00000, 0x00000000ec480000, 0x0000000100000000)
  eden space 8704K, 100% used [0x00000000eab00000,0x00000000eb380000,0x00000000eb380000)
  from space 4608K, 99% used [0x00000000eb380000,0x00000000eb7fcf70,0x00000000eb800000)
  to   space 8192K, 0% used [0x00000000ebc80000,0x00000000ebc80000,0x00000000ec480000)
 ParOldGen       total 324096K, used 313875K [0x00000000c0000000, 0x00000000d3c80000, 0x00000000eab00000)
  object space 324096K, 96% used [0x00000000c0000000,0x00000000d3284c90,0x00000000d3c80000)
 Metaspace       used 75855K, committed 77056K, reserved 1179648K
  class space    used 8005K, committed 8512K, reserved 1048576K
}
Event: 119.837 GC heap after
{Heap after GC invocations=357 (full 13):
 PSYoungGen      total 15360K, used 5138K [0x00000000eab00000, 0x00000000ec200000, 0x0000000100000000)
  eden space 9728K, 0% used [0x00000000eab00000,0x00000000eab00000,0x00000000eb480000)
  from space 5632K, 91% used [0x00000000ebc80000,0x00000000ec184900,0x00000000ec200000)
  to   space 6144K, 0% used [0x00000000eb600000,0x00000000eb600000,0x00000000ebc00000)
 ParOldGen       total 324096K, used 316625K [0x00000000c0000000, 0x00000000d3c80000, 0x00000000eab00000)
  object space 324096K, 97% used [0x00000000c0000000,0x00000000d3534790,0x00000000d3c80000)
 Metaspace       used 75855K, committed 77056K, reserved 1179648K
  class space    used 8005K, committed 8512K, reserved 1048576K
}
Event: 119.968 GC heap before
{Heap before GC invocations=358 (full 13):
 PSYoungGen      total 15360K, used 14866K [0x00000000eab00000, 0x00000000ec200000, 0x0000000100000000)
  eden space 9728K, 100% used [0x00000000eab00000,0x00000000eb480000,0x00000000eb480000)
  from space 5632K, 91% used [0x00000000ebc80000,0x00000000ec184900,0x00000000ec200000)
  to   space 6144K, 0% used [0x00000000eb600000,0x00000000eb600000,0x00000000ebc00000)
 ParOldGen       total 324096K, used 316625K [0x00000000c0000000, 0x00000000d3c80000, 0x00000000eab00000)
  object space 324096K, 97% used [0x00000000c0000000,0x00000000d3534790,0x00000000d3c80000)
 Metaspace       used 75855K, committed 77056K, reserved 1179648K
  class space    used 8005K, committed 8512K, reserved 1048576K
}
Event: 119.978 GC heap after
{Heap after GC invocations=358 (full 13):
 PSYoungGen      total 16896K, used 6140K [0x00000000eab00000, 0x00000000ec880000, 0x0000000100000000)
  eden space 10752K, 0% used [0x00000000eab00000,0x00000000eab00000,0x00000000eb580000)
  from space 6144K, 99% used [0x00000000eb600000,0x00000000ebbff0a8,0x00000000ebc00000)
  to   space 9728K, 0% used [0x00000000ebf00000,0x00000000ebf00000,0x00000000ec880000)
 ParOldGen       total 324096K, used 319263K [0x00000000c0000000, 0x00000000d3c80000, 0x00000000eab00000)
  object space 324096K, 98% used [0x00000000c0000000,0x00000000d37c7d00,0x00000000d3c80000)
 Metaspace       used 75855K, committed 77056K, reserved 1179648K
  class space    used 8005K, committed 8512K, reserved 1048576K
}
Event: 120.138 GC heap before
{Heap before GC invocations=359 (full 13):
 PSYoungGen      total 16896K, used 16891K [0x00000000eab00000, 0x00000000ec880000, 0x0000000100000000)
  eden space 10752K, 99% used [0x00000000eab00000,0x00000000eb57fb58,0x00000000eb580000)
  from space 6144K, 99% used [0x00000000eb600000,0x00000000ebbff0a8,0x00000000ebc00000)
  to   space 9728K, 0% used [0x00000000ebf00000,0x00000000ebf00000,0x00000000ec880000)
 ParOldGen       total 324096K, used 319263K [0x00000000c0000000, 0x00000000d3c80000, 0x00000000eab00000)
  object space 324096K, 98% used [0x00000000c0000000,0x00000000d37c7d00,0x00000000d3c80000)
 Metaspace       used 75855K, committed 77056K, reserved 1179648K
  class space    used 8005K, committed 8512K, reserved 1048576K
}
Event: 120.154 GC heap after
{Heap after GC invocations=359 (full 13):
 PSYoungGen      total 19456K, used 6984K [0x00000000eab00000, 0x00000000ec600000, 0x0000000100000000)
  eden space 12288K, 0% used [0x00000000eab00000,0x00000000eab00000,0x00000000eb700000)
  from space 7168K, 97% used [0x00000000ebf00000,0x00000000ec5d2158,0x00000000ec600000)
  to   space 7680K, 0% used [0x00000000eb700000,0x00000000eb700000,0x00000000ebe80000)
 ParOldGen       total 324096K, used 322760K [0x00000000c0000000, 0x00000000d3c80000, 0x00000000eab00000)
  object space 324096K, 99% used [0x00000000c0000000,0x00000000d3b32028,0x00000000d3c80000)
 Metaspace       used 75855K, committed 77056K, reserved 1179648K
  class space    used 8005K, committed 8512K, reserved 1048576K
}
Event: 120.154 GC heap before
{Heap before GC invocations=360 (full 14):
 PSYoungGen      total 19456K, used 6984K [0x00000000eab00000, 0x00000000ec600000, 0x0000000100000000)
  eden space 12288K, 0% used [0x00000000eab00000,0x00000000eab00000,0x00000000eb700000)
  from space 7168K, 97% used [0x00000000ebf00000,0x00000000ec5d2158,0x00000000ec600000)
  to   space 7680K, 0% used [0x00000000eb700000,0x00000000eb700000,0x00000000ebe80000)
 ParOldGen       total 324096K, used 322760K [0x00000000c0000000, 0x00000000d3c80000, 0x00000000eab00000)
  object space 324096K, 99% used [0x00000000c0000000,0x00000000d3b32028,0x00000000d3c80000)
 Metaspace       used 75855K, committed 77056K, reserved 1179648K
  class space    used 8005K, committed 8512K, reserved 1048576K
}
Event: 120.780 GC heap after
{Heap after GC invocations=360 (full 14):
 PSYoungGen      total 19968K, used 3314K [0x00000000eab00000, 0x00000000ec700000, 0x0000000100000000)
  eden space 12800K, 0% used [0x00000000eab00000,0x00000000eab00000,0x00000000eb780000)
  from space 7168K, 46% used [0x00000000ebf00000,0x00000000ec23cac0,0x00000000ec600000)
  to   space 7680K, 0% used [0x00000000eb780000,0x00000000eb780000,0x00000000ebf00000)
 ParOldGen       total 368640K, used 323786K [0x00000000c0000000, 0x00000000d6800000, 0x00000000eab00000)
  object space 368640K, 87% used [0x00000000c0000000,0x00000000d3c328b0,0x00000000d6800000)
 Metaspace       used 75855K, committed 77056K, reserved 1179648K
  class space    used 8005K, committed 8512K, reserved 1048576K
}
Event: 121.137 GC heap before
{Heap before GC invocations=361 (full 14):
 PSYoungGen      total 19968K, used 16114K [0x00000000eab00000, 0x00000000ec700000, 0x0000000100000000)
  eden space 12800K, 100% used [0x00000000eab00000,0x00000000eb780000,0x00000000eb780000)
  from space 7168K, 46% used [0x00000000ebf00000,0x00000000ec23cac0,0x00000000ec600000)
  to   space 7680K, 0% used [0x00000000eb780000,0x00000000eb780000,0x00000000ebf00000)
 ParOldGen       total 368640K, used 323786K [0x00000000c0000000, 0x00000000d6800000, 0x00000000eab00000)
  object space 368640K, 87% used [0x00000000c0000000,0x00000000d3c328b0,0x00000000d6800000)
 Metaspace       used 75907K, committed 77120K, reserved 1179648K
  class space    used 8010K, committed 8512K, reserved 1048576K
}
Event: 121.205 GC heap after
{Heap after GC invocations=361 (full 14):
 PSYoungGen      total 20480K, used 7638K [0x00000000eab00000, 0x00000000ec880000, 0x0000000100000000)
  eden space 12800K, 0% used [0x00000000eab00000,0x00000000eab00000,0x00000000eb780000)
  from space 7680K, 99% used [0x00000000eb780000,0x00000000ebef5ac0,0x00000000ebf00000)
  to   space 8192K, 0% used [0x00000000ec080000,0x00000000ec080000,0x00000000ec880000)
 ParOldGen       total 368640K, used 323954K [0x00000000c0000000, 0x00000000d6800000, 0x00000000eab00000)
  object space 368640K, 87% used [0x00000000c0000000,0x00000000d3c5c8a8,0x00000000d6800000)
 Metaspace       used 75907K, committed 77120K, reserved 1179648K
  class space    used 8010K, committed 8512K, reserved 1048576K
}
Event: 1247.338 GC heap before
{Heap before GC invocations=362 (full 14):
 PSYoungGen      total 20480K, used 20438K [0x00000000eab00000, 0x00000000ec880000, 0x0000000100000000)
  eden space 12800K, 100% used [0x00000000eab00000,0x00000000eb780000,0x00000000eb780000)
  from space 7680K, 99% used [0x00000000eb780000,0x00000000ebef5ac0,0x00000000ebf00000)
  to   space 8192K, 0% used [0x00000000ec080000,0x00000000ec080000,0x00000000ec880000)
 ParOldGen       total 368640K, used 323954K [0x00000000c0000000, 0x00000000d6800000, 0x00000000eab00000)
  object space 368640K, 87% used [0x00000000c0000000,0x00000000d3c5c8a8,0x00000000d6800000)
 Metaspace       used 76510K, committed 77760K, reserved 1179648K
  class space    used 8091K, committed 8640K, reserved 1048576K
}
Event: 1247.356 GC heap after
{Heap after GC invocations=362 (full 14):
 PSYoungGen      total 19456K, used 8166K [0x00000000eab00000, 0x00000000ecc80000, 0x0000000100000000)
  eden space 11264K, 0% used [0x00000000eab00000,0x00000000eab00000,0x00000000eb600000)
  from space 8192K, 99% used [0x00000000ec080000,0x00000000ec879b68,0x00000000ec880000)
  to   space 10752K, 0% used [0x00000000eb600000,0x00000000eb600000,0x00000000ec080000)
 ParOldGen       total 368640K, used 326023K [0x00000000c0000000, 0x00000000d6800000, 0x00000000eab00000)
  object space 368640K, 88% used [0x00000000c0000000,0x00000000d3e61fb0,0x00000000d6800000)
 Metaspace       used 76510K, committed 77760K, reserved 1179648K
  class space    used 8091K, committed 8640K, reserved 1048576K
}

